c:\users\fred\desktop\project3\rge\vs2015\vs2015\debug\vc140.pdb
c:\users\fred\desktop\project3\rge\vs2015\vs2015\debug\vc140.idb
c:\users\fred\desktop\project3\rge\vs2015\vs2015\debug\graphics.obj
c:\users\fred\desktop\project3\rge\vs2015\vs2015\debug\input.obj
c:\users\fred\desktop\project3\rge\vs2015\vs2015\debug\main.obj
c:\users\fred\desktop\project3\rge\vs2015\vs2015\debug\scratch_pad_app.obj
c:\users\fred\desktop\project3\rge\vs2015\vs2015\debug\timer.obj
c:\users\fred\desktop\project3\rge\vs2015\vs2015\debug\util.obj
c:\users\fred\desktop\project3\rge\vs2015\vs2015\debug\win.obj
c:\users\fred\desktop\project3\rge\vs2015\vs2015\debug\transform.obj
c:\users\fred\desktop\project3\rge\bin\run_d.ilk
c:\users\fred\desktop\project3\rge\bin\run_d.exe
c:\users\fred\desktop\project3\rge\bin\run_d.pdb
c:\users\fred\desktop\project3\rge\vs2015\vs2015\..\..\bin\run_d.exe
c:\users\fred\desktop\project3\rge\vs2015\vs2015\debug\vs2015.tlog\cl.command.1.tlog
c:\users\fred\desktop\project3\rge\vs2015\vs2015\debug\vs2015.tlog\cl.read.1.tlog
c:\users\fred\desktop\project3\rge\vs2015\vs2015\debug\vs2015.tlog\cl.write.1.tlog
c:\users\fred\desktop\project3\rge\vs2015\vs2015\debug\vs2015.tlog\link.command.1.tlog
c:\users\fred\desktop\project3\rge\vs2015\vs2015\debug\vs2015.tlog\link.read.1.tlog
c:\users\fred\desktop\project3\rge\vs2015\vs2015\debug\vs2015.tlog\link.write.1.tlog
