C:\Program Files (x86)\MSBuild\Microsoft.Cpp\v4.0\V140\Microsoft.CppBuild.targets(368,5): warning MSB8004: Output Directory does not end with a trailing slash.  This build instance will add the slash as it is required to allow proper evaluation of the Output Directory.
  graphics.cpp
..\..\src\graphics.cpp(333): warning C4018: '<': signed/unsigned mismatch
c:\users\fred\desktop\project3\rge\src\graphics.h(41): warning C4018: '<': signed/unsigned mismatch
  c:\users\fred\desktop\project3\rge\src\graphics.h(40): note: while compiling class template member function 'void StaticVertexBuffer<glm::vec3>::getList(std::vector<T,std::allocator<_Ty>> &)'
          with
          [
              T=glm::vec3,
              _Ty=glm::vec3
          ]
  ..\..\src\graphics.cpp(451): note: see reference to function template instantiation 'void StaticVertexBuffer<glm::vec3>::getList(std::vector<T,std::allocator<_Ty>> &)' being compiled
          with
          [
              T=glm::vec3,
              _Ty=glm::vec3
          ]
  c:\users\fred\desktop\project3\rge\src\graphics.h(160): note: see reference to class template instantiation 'StaticVertexBuffer<glm::vec3>' being compiled
  scene.cpp
..\..\src\scene.cpp(38): warning C4018: '<': signed/unsigned mismatch
..\..\src\scene.cpp(49): warning C4018: '<': signed/unsigned mismatch
..\..\src\scene.cpp(60): warning C4018: '<': signed/unsigned mismatch
..\..\src\scene.cpp(84): warning C4018: '<': signed/unsigned mismatch
..\..\src\scene.cpp(92): warning C4018: '<': signed/unsigned mismatch
..\..\src\scene.cpp(107): warning C4018: '<': signed/unsigned mismatch
..\..\src\scene.cpp(116): warning C4018: '<': signed/unsigned mismatch
  Generating code
  2 of 2928 functions ( 0.1%) were compiled, the rest were copied from previous compilation.
    0 functions were new in current compilation
    8 functions had inline decision re-evaluated but remain unchanged
  Finished generating code
  vs2015.vcxproj -> C:\Users\Fred\Desktop\Project3\RGE\vs2015\vs2015\..\..\bin\run.exe
  vs2015.vcxproj -> ..\..\bin\run.pdb (Full PDB)
